Symbol range map extraction starting
Processing 23 files
processing basashi\havall\client\ClientProxy.java
processing basashi\havall\config\ConfigProperty.java
processing basashi\havall\config\ConfigValue.java
processing basashi\havall\config\CustomConfig.java
processing basashi\havall\config\IModConfig.java
processing basashi\havall\config\ModConfig.java
processing basashi\havall\config\Values.java
processing basashi\havall\core\BlockAndMetadata.java
processing basashi\havall\core\CommonProxy.java
processing basashi\havall\core\HavestAll.java
processing basashi\havall\core\ModCommon.java
processing basashi\havall\core\log\ModLog.java
processing basashi\havall\event\HavestAxe.java
processing basashi\havall\event\HavestPickAxe.java
processing basashi\havall\event\HavestScop.java
processing basashi\havall\event\IHavest.java
processing basashi\havall\event\McEventHandler.java
processing basashi\havall\event\ServerSideEvent.java
processing basashi\havall\network\IPacket_ModBase.java
processing basashi\havall\network\Packet_Axe.java
processing basashi\havall\network\Packet_HavestBase.java
processing basashi\havall\network\Packet_PickAxe.java
processing basashi\havall\network\Packet_Scop.java
